<?xml version="1.0" encoding="UTF-8"?>
<!-- Generated by org.testng.reporters.JUnitReportReporter -->
<testsuite hostname="LAPTOP-PTSLO3OM" failures="0" tests="1" name="tests.Orders" time="53.985" errors="0" timestamp="2024-06-02T20:19:53 IST" skipped="0">
  <testcase classname="tests.Orders" name="deleteOrders" time="53.985"/>
  <system-out/>
</testsuite> <!-- tests.Orders -->
